This file contains any messages produced by compilers while
running configure, to aid debugging if configure makes a mistake.

configure:658: checking host system type
configure:706: checking host system type
configure:727: checking target system type
configure:745: checking build system type
configure:773: checking for bison
configure:773: checking for byacc
configure:806: checking for flex
configure:840: checking for yywrap in -ll
configure:859: cc -o conftest    conftest.c -ll   1>&5
/usr/bin/ld: cannot find -ll: No such file or directory
collect2: error: ld returned 1 exit status
configure: failed program was:
#line 848 "configure"
#include "confdefs.h"
/* Override any gcc2 internal prototype to avoid an error.  */
/* We use char because int might match the return type of a gcc2
    builtin and then its argument prototype would still apply.  */
char yywrap();

int main() {
yywrap()
; return 0; }
configure:884: checking for gcc
configure:997: checking whether the C compiler (gcc  ) works
configure:1013: gcc -o conftest    conftest.c  1>&5
configure:1010:1: warning: return type defaults to 'int' [-Wimplicit-int]
 1010 | main(){return(0);}
      | ^~~~
configure:1039: checking whether the C compiler (gcc  ) is a cross-compiler
configure:1044: checking whether we are using GNU C
configure:1053: gcc -E conftest.c
configure:1072: checking whether gcc accepts -g
configure:1115: checking for a BSD compatible install
configure:1169: checking for working const
configure:1223: gcc -c -g -O2  conftest.c 1>&5
configure:1244: checking for inline
configure:1258: gcc -c -g -O2  conftest.c 1>&5
configure:1254:10: warning: return type defaults to 'int' [-Wimplicit-int]
 1254 | } $ac_kw foo() {
      |          ^~~
configure:1285: checking how to run the C preprocessor
configure:1306: gcc -E  conftest.c >/dev/null 2>conftest.out
configure:1365: checking for ANSI C header files
configure:1378: gcc -E  conftest.c >/dev/null 2>conftest.out
configure:1445: gcc -o conftest -g -O2   conftest.c  1>&5
configure: In function 'main':
configure:1440:67: warning: implicit declaration of function 'exit' [-Wimplicit-function-declaration]
 1440 | if (XOR (islower (i), ISLOWER (i)) || toupper (i) != TOUPPER (i)) exit(2);
      |                                                                   ^~~~
configure:1436:1: note: include '<stdlib.h>' or provide a declaration of 'exit'
 1435 | #include <ctype.h>
  +++ |+#include <stdlib.h>
 1436 | #define ISLOWER(c) ('a' <= (c) && (c) <= 'z')
configure:1440:67: warning: incompatible implicit declaration of built-in function 'exit' [-Wbuiltin-declaration-mismatch]
 1440 | if (XOR (islower (i), ISLOWER (i)) || toupper (i) != TOUPPER (i)) exit(2);
      |                                                                   ^~~~
configure:1440:67: note: include '<stdlib.h>' or provide a declaration of 'exit'
configure:1441:1: warning: incompatible implicit declaration of built-in function 'exit' [-Wbuiltin-declaration-mismatch]
 1441 | exit (0); }
      | ^~~~
configure:1441:1: note: include '<stdlib.h>' or provide a declaration of 'exit'
configure:1472: checking for sys/resource.h
configure:1482: gcc -E  conftest.c >/dev/null 2>conftest.out
configure:1472: checking for netdb.h
configure:1482: gcc -E  conftest.c >/dev/null 2>conftest.out
configure:1472: checking for sched.h
configure:1482: gcc -E  conftest.c >/dev/null 2>conftest.out
configure:1472: checking for resolv.h
configure:1482: gcc -E  conftest.c >/dev/null 2>conftest.out
configure:1472: checking for arpa/inet.h
configure:1482: gcc -E  conftest.c >/dev/null 2>conftest.out
configure:1512: checking for netinet/ip.h
configure:1522: gcc -E  conftest.c >/dev/null 2>conftest.out
configure:1512: checking for netinet/in.h
configure:1522: gcc -E  conftest.c >/dev/null 2>conftest.out
configure:1512: checking for netinet/tcp.h
configure:1522: gcc -E  conftest.c >/dev/null 2>conftest.out
configure:1512: checking for netinet/in_systm.h
configure:1522: gcc -E  conftest.c >/dev/null 2>conftest.out
configure:1552: checking for libutil.h
configure:1562: gcc -E  conftest.c >/dev/null 2>conftest.out
configure:1558:10: fatal error: libutil.h: No such file or directory
 1558 | #include <$ac_hdr>
      |          ^~~~~~~~~  
compilation terminated.
configure: failed program was:
#line 1557 "configure"
#include "confdefs.h"
#include <libutil.h>
configure:1552: checking for sys/sockio.h
configure:1562: gcc -E  conftest.c >/dev/null 2>conftest.out
configure:1558:10: fatal error: sys/sockio.h: No such file or directory
 1558 | #include <$ac_hdr>
      |          ^~~~~~~~~     
compilation terminated.
configure: failed program was:
#line 1557 "configure"
#include "confdefs.h"
#include <sys/sockio.h>
configure:1591: checking for library containing socket
configure:1609: gcc -o conftest -g -O2   conftest.c  1>&5
configure:1654: checking for library containing inet_ntoa
configure:1672: gcc -o conftest -g -O2   conftest.c  1>&5
configure:1717: checking for library containing gethostbyname
configure:1735: gcc -o conftest -g -O2   conftest.c  1>&5
configure:1780: checking for library containing nanosleep
configure:1798: gcc -o conftest -g -O2   conftest.c  1>&5
configure:1843: checking for library containing setproctitle
configure:1861: gcc -o conftest -g -O2   conftest.c  1>&5
/usr/bin/ld: /tmp/cct8VQqW.o: in function `main':
/root/vtunPtP/configure:1857: undefined reference to `setproctitle'
collect2: error: ld returned 1 exit status
configure: failed program was:
#line 1850 "configure"
#include "confdefs.h"
/* Override any gcc2 internal prototype to avoid an error.  */
/* We use char because int might match the return type of a gcc2
    builtin and then its argument prototype would still apply.  */
char setproctitle();

int main() {
setproctitle()
; return 0; }
configure:1883: gcc -o conftest -g -O2   conftest.c -lutil   1>&5
/usr/bin/ld: /tmp/cceAto3O.o: in function `main':
/root/vtunPtP/configure:1879: undefined reference to `setproctitle'
collect2: error: ld returned 1 exit status
configure: failed program was:
#line 1872 "configure"
#include "confdefs.h"
/* Override any gcc2 internal prototype to avoid an error.  */
/* We use char because int might match the return type of a gcc2
    builtin and then its argument prototype would still apply.  */
char setproctitle();

int main() {
setproctitle()
; return 0; }
configure:1883: gcc -o conftest -g -O2   conftest.c -lbsd   1>&5
/usr/bin/ld: cannot find -lbsd: No such file or directory
collect2: error: ld returned 1 exit status
configure: failed program was:
#line 1872 "configure"
#include "confdefs.h"
/* Override any gcc2 internal prototype to avoid an error.  */
/* We use char because int might match the return type of a gcc2
    builtin and then its argument prototype would still apply.  */
char setproctitle();

int main() {
setproctitle()
; return 0; }
configure:2247: checking for linux/if_tun.h
configure:2257: gcc -E  conftest.c >/dev/null 2>conftest.out
